0 info it worked if it ends with ok
1 verbose cli [ '/usr/bin/node',
1 verbose cli   '/usr/bin/npm',
1 verbose cli   'i',
1 verbose cli   '-g',
1 verbose cli   'abstract-algorithm' ]
2 info using npm@3.10.10
3 info using node@v6.14.1
4 silly loadCurrentTree Starting
5 silly install loadCurrentTree
6 silly install readGlobalPackageData
7 silly fetchPackageMetaData abstract-algorithm
8 silly fetchNamedPackageData abstract-algorithm
9 silly mapToRegistry name abstract-algorithm
10 silly mapToRegistry using default registry
11 silly mapToRegistry registry https://registry.npmjs.org/
12 silly mapToRegistry data Result {
12 silly mapToRegistry   raw: 'abstract-algorithm',
12 silly mapToRegistry   scope: null,
12 silly mapToRegistry   escapedName: 'abstract-algorithm',
12 silly mapToRegistry   name: 'abstract-algorithm',
12 silly mapToRegistry   rawSpec: '',
12 silly mapToRegistry   spec: 'latest',
12 silly mapToRegistry   type: 'tag' }
13 silly mapToRegistry uri https://registry.npmjs.org/abstract-algorithm
14 verbose request uri https://registry.npmjs.org/abstract-algorithm
15 verbose request no auth needed
16 info attempt registry request try #1 at 2:23:53 PM
17 verbose request id 9a00136a660522c5
18 http request GET https://registry.npmjs.org/abstract-algorithm
19 http 200 https://registry.npmjs.org/abstract-algorithm
20 verbose headers { 'content-type': 'application/json; charset=UTF-8',
20 verbose headers   server: 'UploadServer',
20 verbose headers   'cache-control': 'max-age=300',
20 verbose headers   'last-modified': 'Fri, 13 Apr 2018 5:24:06 GMT',
20 verbose headers   etag: '"5ad03ef6-6221"',
20 verbose headers   'x-npm-region': 'SA-East',
20 verbose headers   'content-encoding': 'gzip',
20 verbose headers   'content-length': '5426',
20 verbose headers   'accept-ranges': 'bytes',
20 verbose headers   date: 'Tue, 17 Apr 2018 17:23:54 GMT',
20 verbose headers   via: '1.1 varnish',
20 verbose headers   age: '0',
20 verbose headers   connection: 'keep-alive',
20 verbose headers   'x-served-by': 'cache-gru17130-GRU',
20 verbose headers   'x-cache': 'MISS',
20 verbose headers   'x-cache-hits': '0',
20 verbose headers   'x-timer': 'S1523985834.742320,VS0,VE271',
20 verbose headers   vary: 'Accept-Encoding, Accept' }
21 silly get cb [ 200,
21 silly get   { 'content-type': 'application/json; charset=UTF-8',
21 silly get     server: 'UploadServer',
21 silly get     'cache-control': 'max-age=300',
21 silly get     'last-modified': 'Fri, 13 Apr 2018 5:24:06 GMT',
21 silly get     etag: '"5ad03ef6-6221"',
21 silly get     'x-npm-region': 'SA-East',
21 silly get     'content-encoding': 'gzip',
21 silly get     'content-length': '5426',
21 silly get     'accept-ranges': 'bytes',
21 silly get     date: 'Tue, 17 Apr 2018 17:23:54 GMT',
21 silly get     via: '1.1 varnish',
21 silly get     age: '0',
21 silly get     connection: 'keep-alive',
21 silly get     'x-served-by': 'cache-gru17130-GRU',
21 silly get     'x-cache': 'MISS',
21 silly get     'x-cache-hits': '0',
21 silly get     'x-timer': 'S1523985834.742320,VS0,VE271',
21 silly get     vary: 'Accept-Encoding, Accept' } ]
22 verbose get saving abstract-algorithm to /home/leonardo/.npm/registry.npmjs.org/abstract-algorithm/.cache.json
23 verbose correctMkdir /home/leonardo/.npm correctMkdir not in flight; initializing
24 silly install normalizeTree
25 silly loadCurrentTree Finishing
26 silly loadIdealTree Starting
27 silly install loadIdealTree
28 silly cloneCurrentTree Starting
29 silly install cloneCurrentTreeToIdealTree
30 silly cloneCurrentTree Finishing
31 silly loadShrinkwrap Starting
32 silly install loadShrinkwrap
33 silly loadShrinkwrap Finishing
34 silly loadAllDepsIntoIdealTree Starting
35 silly install loadAllDepsIntoIdealTree
36 silly resolveWithNewModule abstract-algorithm@0.1.15 checking installable status
37 silly cache add args [ 'abstract-algorithm', null ]
38 verbose cache add spec abstract-algorithm
39 silly cache add parsed spec Result {
39 silly cache add   raw: 'abstract-algorithm',
39 silly cache add   scope: null,
39 silly cache add   escapedName: 'abstract-algorithm',
39 silly cache add   name: 'abstract-algorithm',
39 silly cache add   rawSpec: '',
39 silly cache add   spec: 'latest',
39 silly cache add   type: 'tag' }
40 silly addNamed abstract-algorithm@latest
41 verbose addNamed "latest" is being treated as a dist-tag for abstract-algorithm
42 info addNameTag [ 'abstract-algorithm', 'latest' ]
43 silly mapToRegistry name abstract-algorithm
44 silly mapToRegistry using default registry
45 silly mapToRegistry registry https://registry.npmjs.org/
46 silly mapToRegistry data Result {
46 silly mapToRegistry   raw: 'abstract-algorithm',
46 silly mapToRegistry   scope: null,
46 silly mapToRegistry   escapedName: 'abstract-algorithm',
46 silly mapToRegistry   name: 'abstract-algorithm',
46 silly mapToRegistry   rawSpec: '',
46 silly mapToRegistry   spec: 'latest',
46 silly mapToRegistry   type: 'tag' }
47 silly mapToRegistry uri https://registry.npmjs.org/abstract-algorithm
48 verbose addNameTag registry:https://registry.npmjs.org/abstract-algorithm not in flight; fetching
49 verbose get https://registry.npmjs.org/abstract-algorithm not expired, no request
50 silly addNameTag next cb for abstract-algorithm with tag latest
51 silly addNamed abstract-algorithm@0.1.15
52 verbose addNamed "0.1.15" is a plain semver version for abstract-algorithm
53 silly mapToRegistry name abstract-algorithm
54 silly mapToRegistry using default registry
55 silly mapToRegistry registry https://registry.npmjs.org/
56 silly mapToRegistry data Result {
56 silly mapToRegistry   raw: 'abstract-algorithm',
56 silly mapToRegistry   scope: null,
56 silly mapToRegistry   escapedName: 'abstract-algorithm',
56 silly mapToRegistry   name: 'abstract-algorithm',
56 silly mapToRegistry   rawSpec: '',
56 silly mapToRegistry   spec: 'latest',
56 silly mapToRegistry   type: 'tag' }
57 silly mapToRegistry uri https://registry.npmjs.org/abstract-algorithm
58 verbose addRemoteTarball https://registry.npmjs.org/abstract-algorithm/-/abstract-algorithm-0.1.15.tgz not in flight; adding
59 verbose addRemoteTarball [ 'https://registry.npmjs.org/abstract-algorithm/-/abstract-algorithm-0.1.15.tgz',
59 verbose addRemoteTarball   '59f75ed5f8bb296eac7a471a3ac42e95756fc9eb' ]
60 info retry fetch attempt 1 at 2:23:54 PM
61 info attempt registry request try #1 at 2:23:54 PM
62 http fetch GET https://registry.npmjs.org/abstract-algorithm/-/abstract-algorithm-0.1.15.tgz
63 http fetch 200 https://registry.npmjs.org/abstract-algorithm/-/abstract-algorithm-0.1.15.tgz
64 silly fetchAndShaCheck shasum 59f75ed5f8bb296eac7a471a3ac42e95756fc9eb
65 verbose addTmpTarball /tmp/npm-3124-f8661045/registry.npmjs.org/abstract-algorithm/-/abstract-algorithm-0.1.15.tgz not in flight; adding
66 verbose addTmpTarball already have metadata; skipping unpack for abstract-algorithm@0.1.15
67 verbose correctMkdir /home/leonardo/.npm correctMkdir not in flight; initializing
68 silly cache afterAdd abstract-algorithm@0.1.15
69 verbose afterAdd /home/leonardo/.npm/abstract-algorithm/0.1.15/package/package.json not in flight; writing
70 verbose correctMkdir /home/leonardo/.npm correctMkdir not in flight; initializing
71 verbose afterAdd /home/leonardo/.npm/abstract-algorithm/0.1.15/package/package.json written
72 silly fetchNamedPackageData factor
73 silly mapToRegistry name factor
74 silly mapToRegistry using default registry
75 silly mapToRegistry registry https://registry.npmjs.org/
76 silly mapToRegistry data Result {
76 silly mapToRegistry   raw: 'factor',
76 silly mapToRegistry   scope: null,
76 silly mapToRegistry   escapedName: 'factor',
76 silly mapToRegistry   name: 'factor',
76 silly mapToRegistry   rawSpec: '',
76 silly mapToRegistry   spec: 'latest',
76 silly mapToRegistry   type: 'tag' }
77 silly mapToRegistry uri https://registry.npmjs.org/factor
78 silly fetchNamedPackageData lambda-calculus
79 silly mapToRegistry name lambda-calculus
80 silly mapToRegistry using default registry
81 silly mapToRegistry registry https://registry.npmjs.org/
82 silly mapToRegistry data Result {
82 silly mapToRegistry   raw: 'lambda-calculus',
82 silly mapToRegistry   scope: null,
82 silly mapToRegistry   escapedName: 'lambda-calculus',
82 silly mapToRegistry   name: 'lambda-calculus',
82 silly mapToRegistry   rawSpec: '',
82 silly mapToRegistry   spec: 'latest',
82 silly mapToRegistry   type: 'tag' }
83 silly mapToRegistry uri https://registry.npmjs.org/lambda-calculus
84 verbose request uri https://registry.npmjs.org/factor
85 verbose request no auth needed
86 info attempt registry request try #1 at 2:23:55 PM
87 http request GET https://registry.npmjs.org/factor
88 verbose request uri https://registry.npmjs.org/lambda-calculus
89 verbose request no auth needed
90 info attempt registry request try #1 at 2:23:55 PM
91 http request GET https://registry.npmjs.org/lambda-calculus
92 http 200 https://registry.npmjs.org/factor
93 verbose headers { 'content-type': 'application/json; charset=UTF-8',
93 verbose headers   server: 'UploadServer',
93 verbose headers   'cache-control': 'max-age=300',
93 verbose headers   'last-modified': 'Sat, 27 Jan 2018 14:15:42 GMT',
93 verbose headers   etag: '"5a6c898e-702"',
93 verbose headers   'x-npm-region': 'SA-East',
93 verbose headers   'content-encoding': 'gzip',
93 verbose headers   'content-length': '777',
93 verbose headers   'accept-ranges': 'bytes',
93 verbose headers   date: 'Tue, 17 Apr 2018 17:23:56 GMT',
93 verbose headers   via: '1.1 varnish',
93 verbose headers   age: '0',
93 verbose headers   connection: 'keep-alive',
93 verbose headers   'x-served-by': 'cache-gru17130-GRU',
93 verbose headers   'x-cache': 'MISS',
93 verbose headers   'x-cache-hits': '0',
93 verbose headers   'x-timer': 'S1523985836.724325,VS0,VE721',
93 verbose headers   vary: 'Accept-Encoding, Accept' }
94 silly get cb [ 200,
94 silly get   { 'content-type': 'application/json; charset=UTF-8',
94 silly get     server: 'UploadServer',
94 silly get     'cache-control': 'max-age=300',
94 silly get     'last-modified': 'Sat, 27 Jan 2018 14:15:42 GMT',
94 silly get     etag: '"5a6c898e-702"',
94 silly get     'x-npm-region': 'SA-East',
94 silly get     'content-encoding': 'gzip',
94 silly get     'content-length': '777',
94 silly get     'accept-ranges': 'bytes',
94 silly get     date: 'Tue, 17 Apr 2018 17:23:56 GMT',
94 silly get     via: '1.1 varnish',
94 silly get     age: '0',
94 silly get     connection: 'keep-alive',
94 silly get     'x-served-by': 'cache-gru17130-GRU',
94 silly get     'x-cache': 'MISS',
94 silly get     'x-cache-hits': '0',
94 silly get     'x-timer': 'S1523985836.724325,VS0,VE721',
94 silly get     vary: 'Accept-Encoding, Accept' } ]
95 verbose get saving factor to /home/leonardo/.npm/registry.npmjs.org/factor/.cache.json
96 verbose correctMkdir /home/leonardo/.npm correctMkdir not in flight; initializing
97 silly resolveWithNewModule factor@0.0.1 checking installable status
98 silly cache add args [ 'factor@0.0.1', null ]
99 verbose cache add spec factor@0.0.1
100 silly cache add parsed spec Result {
100 silly cache add   raw: 'factor@0.0.1',
100 silly cache add   scope: null,
100 silly cache add   escapedName: 'factor',
100 silly cache add   name: 'factor',
100 silly cache add   rawSpec: '0.0.1',
100 silly cache add   spec: '0.0.1',
100 silly cache add   type: 'version' }
101 silly addNamed factor@0.0.1
102 verbose addNamed "0.0.1" is a plain semver version for factor
103 silly mapToRegistry name factor
104 silly mapToRegistry using default registry
105 silly mapToRegistry registry https://registry.npmjs.org/
106 silly mapToRegistry data Result {
106 silly mapToRegistry   raw: 'factor',
106 silly mapToRegistry   scope: null,
106 silly mapToRegistry   escapedName: 'factor',
106 silly mapToRegistry   name: 'factor',
106 silly mapToRegistry   rawSpec: '',
106 silly mapToRegistry   spec: 'latest',
106 silly mapToRegistry   type: 'tag' }
107 silly mapToRegistry uri https://registry.npmjs.org/factor
108 verbose addNameVersion registry:https://registry.npmjs.org/factor not in flight; fetching
109 verbose get https://registry.npmjs.org/factor not expired, no request
110 silly mapToRegistry name factor
111 silly mapToRegistry using default registry
112 silly mapToRegistry registry https://registry.npmjs.org/
113 silly mapToRegistry data Result {
113 silly mapToRegistry   raw: 'factor',
113 silly mapToRegistry   scope: null,
113 silly mapToRegistry   escapedName: 'factor',
113 silly mapToRegistry   name: 'factor',
113 silly mapToRegistry   rawSpec: '',
113 silly mapToRegistry   spec: 'latest',
113 silly mapToRegistry   type: 'tag' }
114 silly mapToRegistry uri https://registry.npmjs.org/factor
115 verbose addRemoteTarball https://registry.npmjs.org/factor/-/factor-0.0.1.tgz not in flight; adding
116 verbose addRemoteTarball [ 'https://registry.npmjs.org/factor/-/factor-0.0.1.tgz',
116 verbose addRemoteTarball   '91dcc8f9d2b61f6c9c57252829bc7494bee40e44' ]
117 info retry fetch attempt 1 at 2:23:56 PM
118 info attempt registry request try #1 at 2:23:56 PM
119 http fetch GET https://registry.npmjs.org/factor/-/factor-0.0.1.tgz
120 http 200 https://registry.npmjs.org/lambda-calculus
121 verbose headers { 'content-type': 'application/json; charset=UTF-8',
121 verbose headers   server: 'UploadServer',
121 verbose headers   'cache-control': 'max-age=300',
121 verbose headers   'last-modified': 'Mon, 11 Dec 2017 23:37:50 GMT',
121 verbose headers   etag: '"5a2f16ce-2d1c"',
121 verbose headers   'x-npm-region': 'SA-East',
121 verbose headers   'content-encoding': 'gzip',
121 verbose headers   'content-length': '2585',
121 verbose headers   'accept-ranges': 'bytes',
121 verbose headers   date: 'Tue, 17 Apr 2018 17:23:56 GMT',
121 verbose headers   via: '1.1 varnish',
121 verbose headers   age: '0',
121 verbose headers   connection: 'keep-alive',
121 verbose headers   'x-served-by': 'cache-gru17127-GRU',
121 verbose headers   'x-cache': 'MISS',
121 verbose headers   'x-cache-hits': '0',
121 verbose headers   'x-timer': 'S1523985836.852963,VS0,VE706',
121 verbose headers   vary: 'Accept-Encoding, Accept' }
122 silly get cb [ 200,
122 silly get   { 'content-type': 'application/json; charset=UTF-8',
122 silly get     server: 'UploadServer',
122 silly get     'cache-control': 'max-age=300',
122 silly get     'last-modified': 'Mon, 11 Dec 2017 23:37:50 GMT',
122 silly get     etag: '"5a2f16ce-2d1c"',
122 silly get     'x-npm-region': 'SA-East',
122 silly get     'content-encoding': 'gzip',
122 silly get     'content-length': '2585',
122 silly get     'accept-ranges': 'bytes',
122 silly get     date: 'Tue, 17 Apr 2018 17:23:56 GMT',
122 silly get     via: '1.1 varnish',
122 silly get     age: '0',
122 silly get     connection: 'keep-alive',
122 silly get     'x-served-by': 'cache-gru17127-GRU',
122 silly get     'x-cache': 'MISS',
122 silly get     'x-cache-hits': '0',
122 silly get     'x-timer': 'S1523985836.852963,VS0,VE706',
122 silly get     vary: 'Accept-Encoding, Accept' } ]
123 verbose get saving lambda-calculus to /home/leonardo/.npm/registry.npmjs.org/lambda-calculus/.cache.json
124 verbose correctMkdir /home/leonardo/.npm correctMkdir not in flight; initializing
125 silly resolveWithNewModule lambda-calculus@1.0.6 checking installable status
126 silly cache add args [ 'lambda-calculus@^1.0.6', null ]
127 verbose cache add spec lambda-calculus@^1.0.6
128 silly cache add parsed spec Result {
128 silly cache add   raw: 'lambda-calculus@^1.0.6',
128 silly cache add   scope: null,
128 silly cache add   escapedName: 'lambda-calculus',
128 silly cache add   name: 'lambda-calculus',
128 silly cache add   rawSpec: '^1.0.6',
128 silly cache add   spec: '>=1.0.6 <2.0.0',
128 silly cache add   type: 'range' }
129 silly addNamed lambda-calculus@>=1.0.6 <2.0.0
130 verbose addNamed ">=1.0.6 <2.0.0" is a valid semver range for lambda-calculus
131 silly addNameRange { name: 'lambda-calculus',
131 silly addNameRange   range: '>=1.0.6 <2.0.0',
131 silly addNameRange   hasData: false }
132 silly mapToRegistry name lambda-calculus
133 silly mapToRegistry using default registry
134 silly mapToRegistry registry https://registry.npmjs.org/
135 silly mapToRegistry data Result {
135 silly mapToRegistry   raw: 'lambda-calculus',
135 silly mapToRegistry   scope: null,
135 silly mapToRegistry   escapedName: 'lambda-calculus',
135 silly mapToRegistry   name: 'lambda-calculus',
135 silly mapToRegistry   rawSpec: '',
135 silly mapToRegistry   spec: 'latest',
135 silly mapToRegistry   type: 'tag' }
136 silly mapToRegistry uri https://registry.npmjs.org/lambda-calculus
137 verbose addNameRange registry:https://registry.npmjs.org/lambda-calculus not in flight; fetching
138 verbose get https://registry.npmjs.org/lambda-calculus not expired, no request
139 silly addNameRange number 2 { name: 'lambda-calculus',
139 silly addNameRange   range: '>=1.0.6 <2.0.0',
139 silly addNameRange   hasData: true }
140 silly addNameRange versions [ 'lambda-calculus',
140 silly addNameRange   [ '1.0.0', '1.0.1', '1.0.2', '1.0.3', '1.0.4', '1.0.5', '1.0.6' ] ]
141 silly addNamed lambda-calculus@1.0.6
142 verbose addNamed "1.0.6" is a plain semver version for lambda-calculus
143 silly mapToRegistry name lambda-calculus
144 silly mapToRegistry using default registry
145 silly mapToRegistry registry https://registry.npmjs.org/
146 silly mapToRegistry data Result {
146 silly mapToRegistry   raw: 'lambda-calculus',
146 silly mapToRegistry   scope: null,
146 silly mapToRegistry   escapedName: 'lambda-calculus',
146 silly mapToRegistry   name: 'lambda-calculus',
146 silly mapToRegistry   rawSpec: '',
146 silly mapToRegistry   spec: 'latest',
146 silly mapToRegistry   type: 'tag' }
147 silly mapToRegistry uri https://registry.npmjs.org/lambda-calculus
148 verbose addRemoteTarball https://registry.npmjs.org/lambda-calculus/-/lambda-calculus-1.0.6.tgz not in flight; adding
149 verbose addRemoteTarball [ 'https://registry.npmjs.org/lambda-calculus/-/lambda-calculus-1.0.6.tgz',
149 verbose addRemoteTarball   '3849e1fec985d689cddbfd8f0936ef866532005e' ]
150 info retry fetch attempt 1 at 2:23:56 PM
151 info attempt registry request try #1 at 2:23:56 PM
152 http fetch GET https://registry.npmjs.org/lambda-calculus/-/lambda-calculus-1.0.6.tgz
153 http fetch 200 https://registry.npmjs.org/factor/-/factor-0.0.1.tgz
154 silly fetchAndShaCheck shasum 91dcc8f9d2b61f6c9c57252829bc7494bee40e44
155 verbose addTmpTarball /tmp/npm-3124-f8661045/registry.npmjs.org/factor/-/factor-0.0.1.tgz not in flight; adding
156 verbose addTmpTarball already have metadata; skipping unpack for factor@0.0.1
157 verbose correctMkdir /home/leonardo/.npm correctMkdir not in flight; initializing
158 silly cache afterAdd factor@0.0.1
159 verbose afterAdd /home/leonardo/.npm/factor/0.0.1/package/package.json not in flight; writing
160 verbose correctMkdir /home/leonardo/.npm correctMkdir not in flight; initializing
161 verbose afterAdd /home/leonardo/.npm/factor/0.0.1/package/package.json written
162 http fetch 200 https://registry.npmjs.org/lambda-calculus/-/lambda-calculus-1.0.6.tgz
163 silly fetchAndShaCheck shasum 3849e1fec985d689cddbfd8f0936ef866532005e
164 verbose addTmpTarball /tmp/npm-3124-f8661045/registry.npmjs.org/lambda-calculus/-/lambda-calculus-1.0.6.tgz not in flight; adding
165 verbose addTmpTarball already have metadata; skipping unpack for lambda-calculus@1.0.6
166 verbose correctMkdir /home/leonardo/.npm correctMkdir not in flight; initializing
167 silly cache afterAdd lambda-calculus@1.0.6
168 verbose afterAdd /home/leonardo/.npm/lambda-calculus/1.0.6/package/package.json not in flight; writing
169 verbose correctMkdir /home/leonardo/.npm correctMkdir not in flight; initializing
170 verbose afterAdd /home/leonardo/.npm/lambda-calculus/1.0.6/package/package.json written
171 silly loadAllDepsIntoIdealTree Finishing
172 silly loadIdealTree Finishing
173 silly currentTree lib
173 silly currentTree └── abstract-algorithm@0.1.16
174 silly idealTree lib
174 silly idealTree └─┬ abstract-algorithm@0.1.15
174 silly idealTree   ├── factor@0.0.1
174 silly idealTree   └── lambda-calculus@1.0.6
175 silly generateActionsToTake Starting
176 silly install generateActionsToTake
177 warn checkPermissions Missing write access to /usr/lib/node_modules/abstract-algorithm
178 warn checkPermissions Missing write access to /usr/lib/node_modules
179 silly rollbackFailedOptional Starting
180 silly rollbackFailedOptional Finishing
181 silly runTopLevelLifecycles Finishing
182 silly install printInstalled
183 verbose stack Error: EACCES: permission denied, access '/usr/lib/node_modules/abstract-algorithm'
183 verbose stack     at Error (native)
184 verbose cwd /home/leonardo/Ethereum/Repositories/abstract-algorithm
185 error Linux 4.13.0-38-generic
186 error argv "/usr/bin/node" "/usr/bin/npm" "i" "-g" "abstract-algorithm"
187 error node v6.14.1
188 error npm  v3.10.10
189 error path /usr/lib/node_modules/abstract-algorithm
190 error code EACCES
191 error errno -13
192 error syscall access
193 error Error: EACCES: permission denied, access '/usr/lib/node_modules/abstract-algorithm'
193 error     at Error (native)
193 error  { Error: EACCES: permission denied, access '/usr/lib/node_modules/abstract-algorithm'
193 error     at Error (native)
193 error   errno: -13,
193 error   code: 'EACCES',
193 error   syscall: 'access',
193 error   path: '/usr/lib/node_modules/abstract-algorithm' }
194 error Please try running this command again as root/Administrator.
195 verbose exit [ -13, true ]
